C51 COMPILER V9.60.7.0   PIR_SENSOR_AND_GSM_BASED_SECURITY_SYSTEM                          04/17/2024 23:26:14 PAGE 1   


C51 COMPILER V9.60.7.0, COMPILATION OF MODULE PIR_SENSOR_AND_GSM_BASED_SECURITY_SYSTEM
OBJECT MODULE PLACED IN .\Objects\PIR Sensor and GSM Based Security System.obj
COMPILER INVOKED BY: C:\Keil_v5\C51\BIN\C51.EXE PIR Sensor and GSM Based Security System.c OPTIMIZE(8,SPEED) BROWSE DEBU
                    -G OBJECTEXTEND PRINT(.\Listings\PIR Sensor and GSM Based Security System.lst) TABS(2) OBJECT(.\Objects\PIR Sensor and GS
                    -M Based Security System.obj)

line level    source

   1          #include<reg51.h>
   2          
   3          
   4          sbit PIR=P2^0;
   5          
   6          
   7           void delay(int itime)
   8          
   9          {
  10   1      
  11   1          int i,j;
  12   1      
  13   1          for(i=0;i<itime;i++)
  14   1      
  15   1          for(j=0;j<1275;j++);
  16   1      
  17   1      }
  18          
  19          
  20          void Serialbegin()
  21          
  22          {
  23   1      
  24   1       TMOD=0x20;
  25   1      
  26   1       SCON=0x50;
  27   1      
  28   1       TH1=0xfd;
  29   1      
  30   1       TR1=1;
  31   1      
  32   1      }
  33          
  34          
  35          void Serialwrite(char dat)
  36          
  37          {
  38   1      
  39   1        SBUF=dat;
  40   1      
  41   1        while(!TI);
  42   1      
  43   1        TI=0;
  44   1      
  45   1      }
  46          
  47          
  48          void Serialprintln(char *p)
  49          
  50          {
  51   1      
  52   1        while(*p)
  53   1      
C51 COMPILER V9.60.7.0   PIR_SENSOR_AND_GSM_BASED_SECURITY_SYSTEM                          04/17/2024 23:26:14 PAGE 2   

  54   1        {
  55   2      
  56   2          Serialwrite(*p);
  57   2      
  58   2          p++;
  59   2      
  60   2        }
  61   1      
  62   1        Serialwrite(0x0d);
  63   1      
  64   1      }  
  65          
  66          
  67          void main()
  68          
  69          {
  70   1      
  71   1          //P2=0x00;
  72   1      
  73   1          Serialbegin();
  74   1      
  75   1          Serialprintln("ATE0");
  76   1      
  77   1          delay(50);
  78   1      
  79   1          while(1)
  80   1      
  81   1          {
  82   2      
  83   2            if(PIR)
  84   2      
  85   2            {
  86   3      
  87   3              Serialprintln("ATD+919821757249;");
  88   3      
  89   3              delay(1000);
  90   3      
  91   3          //    lcdcmd(192);
  92   3      
  93   3         //     lcdprint("Message Sending.");
  94   3      
  95   3              Serialprintln("AT+CMGF=1");
  96   3      
  97   3              delay(50);
  98   3      
  99   3              Serialprintln("AT+CMGS=\"+919821757249\"");
 100   3      
 101   3              delay(50);
 102   3      
 103   3              Serialprintln("Someone is Enter in your Place.");
 104   3      
 105   3              delay(50);
 106   3      
 107   3              Serialwrite(26);
 108   3      
 109   3            }
 110   2      
 111   2          }
 112   1      
 113   1      }
 114          

C51 COMPILER V9.60.7.0   PIR_SENSOR_AND_GSM_BASED_SECURITY_SYSTEM                          04/17/2024 23:26:14 PAGE 3   


MODULE INFORMATION:   STATIC OVERLAYABLE
   CODE SIZE        =    161    ----
   CONSTANT SIZE    =     89    ----
   XDATA SIZE       =   ----    ----
   PDATA SIZE       =   ----    ----
   DATA SIZE        =   ----    ----
   IDATA SIZE       =   ----    ----
   BIT SIZE         =   ----    ----
END OF MODULE INFORMATION.


C51 COMPILATION COMPLETE.  0 WARNING(S),  0 ERROR(S)
