C51 COMPILER V9.60.7.0   DIGITAL_NOTICE_BOARD                                              01/14/2024 20:28:03 PAGE 1   


C51 COMPILER V9.60.7.0, COMPILATION OF MODULE DIGITAL_NOTICE_BOARD
OBJECT MODULE PLACED IN .\Objects\DIGITAL NOTICE BOARD.obj
COMPILER INVOKED BY: C:\Keil_v5\C51\BIN\C51.EXE DIGITAL NOTICE BOARD.C OPTIMIZE(8,SPEED) BROWSE DEBUG OBJECTEXTEND PRINT
                    -(.\Listings\DIGITAL NOTICE BOARD.lst) TABS(2) OBJECT(.\Objects\DIGITAL NOTICE BOARD.obj)

line level    source

   1          #include<reg51.h>
   2          sbit sw1=P2^0;
   3          sbit sw2=P2^1;
   4          sbit rs=P2^2;
   5          sbit rw=P2^3;
   6          sbit en=P2^4;
   7          void msdelay (unsigned int);
   8          void lcdcmd(unsigned char);
   9          void lcddata(unsigned char[],unsigned char);
  10          void main(void)
  11          {
  12   1        sw1=1;
  13   1        sw2=1;
  14   1        P3=00;//as o/p
  15   1        rs=0;
  16   1        rw=0;
  17   1        en=0;
  18   1        lcdcmd(0x38);
  19   1          lcdcmd(0x0f);
  20   1          lcdcmd(0x06);
  21   1          lcdcmd(0x01);
  22   1          lcdcmd(0x80);
  23   1      lcddata("DIGITAL NOTICE",14);
  24   1      lcdcmd(0xc5);
  25   1        lcddata("BOARD",5);
  26   1        msdelay(500);
  27   1        while (1)
  28   1        {
  29   2          if(sw1==0)
  30   2          {
  31   3          lcdcmd(0x01);
  32   3          lcdcmd(0x83); 
  33   3      lcddata("IT'S HOLIDAY",12);
  34   3      lcdcmd(0xc3);
  35   3      lcddata("TIME",4);
  36   3          msdelay(100);
  37   3              lcdcmd(0x01);
  38   3          }
  39   2          else if(sw2==0)
  40   2          {
  41   3              lcdcmd(0x01);
  42   3          lcdcmd(0x83); 
  43   3      lcddata("HOLYDAY IS",10);
  44   3      lcdcmd(0xc3);
  45   3      lcddata("OVER",4);
  46   3          msdelay(100);
  47   3              lcdcmd(0x01);
  48   3          }
  49   2          else
  50   2          {
  51   3            
  52   3          }
  53   2        }//end of while
  54   1      }//end of main
C51 COMPILER V9.60.7.0   DIGITAL_NOTICE_BOARD                                              01/14/2024 20:28:03 PAGE 2   

  55          
  56          
  57          
  58          void msdelay(unsigned int a)
  59          {
  60   1        unsigned int x,y;
  61   1        for(x=0;x<a;x++)
  62   1        for(y=0;y<1275;y++);
  63   1      }//end of msdelay
  64          
  65          
  66          void lcdcmd(unsigned char cmd )
  67          {
  68   1        P3=cmd;
  69   1        rs=0;
  70   1        rw=0;
  71   1        en=1;
  72   1        msdelay(5);
  73   1        en=0;
  74   1      }//end of lcdcmd
  75          
  76          void lcddata(unsigned char a[],unsigned char len)
  77          {
  78   1        unsigned char x;
  79   1        for(x=0;x<len;x++)
  80   1        {
  81   2          P3=a[x];
  82   2          rs=1;
  83   2          rw=0;
  84   2          en=1;
  85   2          msdelay(5);
  86   2          en=0;
  87   2        }//end of for
  88   1        }//end of lcddata


MODULE INFORMATION:   STATIC OVERLAYABLE
   CODE SIZE        =    277    ----
   CONSTANT SIZE    =     55    ----
   XDATA SIZE       =   ----    ----
   PDATA SIZE       =   ----    ----
   DATA SIZE        =   ----       5
   IDATA SIZE       =   ----    ----
   BIT SIZE         =   ----    ----
END OF MODULE INFORMATION.


C51 COMPILATION COMPLETE.  0 WARNING(S),  0 ERROR(S)
