C51 COMPILER V9.60.7.0   VEHICLE_MOVEMENT_BASED_STREET_LIGHTS_PROJ                         04/18/2024 00:30:02 PAGE 1   


C51 COMPILER V9.60.7.0, COMPILATION OF MODULE VEHICLE_MOVEMENT_BASED_STREET_LIGHTS_PROJ
OBJECT MODULE PLACED IN .\Objects\Vehicle Movement Based Street Lights Project.obj
COMPILER INVOKED BY: C:\Keil_v5\C51\BIN\C51.EXE Vehicle Movement Based Street Lights Project.c OPTIMIZE(8,SPEED) BROWSE 
                    -DEBUG OBJECTEXTEND PRINT(.\Listings\Vehicle Movement Based Street Lights Project.lst) TABS(2) OBJECT(.\Objects\Vehicle M
                    -ovement Based Street Lights Project.obj)

line level    source

   1          #include <reg51.h>
   2          #define stlight P2
   3          #define sense P0
   4          void main()
   5          {
   6   1      sense=0x0FF;
   7   1      stlight=0x00;
   8   1      while(1)
   9   1      {
  10   2      if (sense^0) //if 1st ir is high
  11   2      stlight=0x3; //make 3 light on
  12   2      if (sense^1)// if 2nd ir is high
  13   2      stlight=0x7;    //make 3 light on
  14   2      if (sense^2)    //if 3rd ir is high
  15   2      stlight=0x0e;   // make 3 light on
  16   2      if (sense^3)    // if 4th ir is high
  17   2      stlight=0x1C;   // make 3 light on
  18   2      if (sense^4)    //i   //f 5th ir is high
  19   2      stlight=0x38;     //make 3 light on
  20   2      if (sense^5)    //if 6th ir is high
  21   2      stlight=0x70;     //make 3 light on
  22   2      if (sense^6)    //if 7th ir is high
  23   2      stlight=0xE0;     //make last 3 light on
  24   2      if (sense^7)    //if 8th ir is high
  25   2      stlight=0xC0;     //make last 2 light on
  26   2      }
  27   1      }


MODULE INFORMATION:   STATIC OVERLAYABLE
   CODE SIZE        =     78    ----
   CONSTANT SIZE    =   ----    ----
   XDATA SIZE       =   ----    ----
   PDATA SIZE       =   ----    ----
   DATA SIZE        =   ----    ----
   IDATA SIZE       =   ----    ----
   BIT SIZE         =   ----    ----
END OF MODULE INFORMATION.


C51 COMPILATION COMPLETE.  0 WARNING(S),  0 ERROR(S)
